
                            < M A T L A B (R) >
                  Copyright 1984-2016 The MathWorks, Inc.
                   R2016a (9.0.0.341360) 64-bit (glnxa64)
                             February 11, 2016

 
To get started, type one of these: helpwin, helpdesk, or demo.
For product information, visit www.mathworks.com.
 

	Academic License

>> >> >> >> >> >> >> >> >> >> >> >> >> >> >> >> Starting parallel pool (parpool) using the 'local' profile ... connected to 4 workers.
Warning: Directory already exists.
> In Problem1 (line 18)
  In parallel_function>make_general_channel/channel_general (line 929)
  In remoteParallelFunction (line 38)
Warning: Directory already exists.
> In Problem1 (line 20)
  In parallel_function>make_general_channel/channel_general (line 929)
  In remoteParallelFunction (line 38)
 
--> STARTED Movie Simulation with M=256 and N=128 and CFL=0.8
 
Movie Simulation with M=256 and N=128 and CFL=0.8 has reached time=1, and having a InfNorm(rhs)=7.7919e-06
Movie Simulation with M=256 and N=128 and CFL=0.8 has performed 500 iterations. Time step=0.0025802
--> Elapsed time is 0 hours, 9 minutes and 28.4038 seconds.
Movie Simulation with M=256 and N=128 and CFL=0.8 has performed 1000 iterations. Time step=0.0024353
--> Elapsed time is 0 hours, 18 minutes and 28.9851 seconds.
Movie Simulation with M=256 and N=128 and CFL=0.8 has reached time=3, and having a InfNorm(rhs)=5.7308e-06
Movie Simulation with M=256 and N=128 and CFL=0.8 has performed 1500 iterations. Time step=0.0023
--> Elapsed time is 0 hours, 27 minutes and 16.5591 seconds.
Movie Simulation with M=256 and N=128 and CFL=0.8 has performed 2000 iterations. Time step=0.0022883
--> Elapsed time is 0 hours, 35 minutes and 32.7207 seconds.
Movie Simulation with M=256 and N=128 and CFL=0.8 has reached time=5, and having a InfNorm(rhs)=5.9525e-06
Movie Simulation with M=256 and N=128 and CFL=0.8 has performed 2500 iterations. Time step=0.0023512
--> Elapsed time is 0 hours, 44 minutes and 29.5169 seconds.
Movie Simulation with M=256 and N=128 and CFL=0.8 has performed 3000 iterations. Time step=0.002376
--> Elapsed time is 0 hours, 54 minutes and 3.9562 seconds.
Movie Simulation with M=256 and N=128 and CFL=0.8 has performed 3500 iterations. Time step=0.0023694
--> Elapsed time is 1 hours, 5 minutes and 27.2833 seconds.
Movie Simulation with M=256 and N=128 and CFL=0.8 has performed 4000 iterations. Time step=0.0023618
--> Elapsed time is 1 hours, 16 minutes and 44.8934 seconds.
Movie Simulation with M=256 and N=128 and CFL=0.8 has performed 4500 iterations. Time step=0.0004217
--> Elapsed time is 1 hours, 27 minutes and 49.2728 seconds.
Movie Simulation with M=256 and N=128 and CFL=0.8 has performed 5000 iterations. Time step=0.0023613
--> Elapsed time is 1 hours, 39 minutes and 7.8778 seconds.
Movie Simulation with M=256 and N=128 and CFL=0.8 has performed 5500 iterations. Time step=0.0023604
--> Elapsed time is 1 hours, 50 minutes and 21.5658 seconds.
Movie Simulation with M=256 and N=128 and CFL=0.8 has performed 6000 iterations. Time step=0.0023592
--> Elapsed time is 2 hours, 1 minutes and 32.417 seconds.
Movie Simulation with M=256 and N=128 and CFL=0.8 has performed 6500 iterations. Time step=0.0023613
--> Elapsed time is 2 hours, 12 minutes and 26.2971 seconds.
Movie Simulation with M=256 and N=128 and CFL=0.8 has reached time=15, and having a InfNorm(rhs)=6.8124e-06
Movie Simulation with M=256 and N=128 and CFL=0.8 has performed 7000 iterations. Time step=0.0023609
--> Elapsed time is 2 hours, 23 minutes and 56.5131 seconds.
Movie Simulation with M=256 and N=128 and CFL=0.8 has performed 7500 iterations. Time step=0.0023602
--> Elapsed time is 2 hours, 35 minutes and 15.1639 seconds.
Movie Simulation with M=256 and N=128 and CFL=0.8 has performed 8000 iterations. Time step=0.0023595
--> Elapsed time is 2 hours, 46 minutes and 32.6599 seconds.
Movie Simulation with M=256 and N=128 and CFL=0.8 has performed 8500 iterations. Time step=0.0023613
--> Elapsed time is 2 hours, 57 minutes and 35.3568 seconds.
Movie Simulation with M=256 and N=128 and CFL=0.8 has reached time=20, and having a InfNorm(rhs)=6.8873e-06
 
--> FINISHED Movie Simulation with M=256 and N=128 and CFL=0.8 obtaining T=0.26736
--> Elapsed time is 3 hours, 2 minutes and 23.1908 seconds.
 
>> 